<?xml version="1.0" encoding="UTF-8"?>
<robot generator="Robot 4.1.3 (Python 3.9.9 on win32)" generated="20221011 14:19:23.764" rpa="false" schemaversion="2">
<suite id="s1" name="Login" source="C:\Users\USER\Documents\DojoboxPractice\Suites\Login.robot">
<test id="s1-t1" name="Standar User Login">
<kw name="Open Browser With Google Chrome" library="Demoblaze_keywords_Login" type="SETUP">
<kw name="Open Browser" library="SeleniumLibrary">
<arg>url=${DEMOBLAZE_URL}</arg>
<arg>browser=${BROWSER}</arg>
<doc>Opens a new browser instance to the optional ``url``.</doc>
<msg timestamp="20221011 14:19:23.954" level="INFO">Opening browser 'gc' to base url 'https://www.saucedemo.com/'.</msg>
<status status="PASS" starttime="20221011 14:19:23.954" endtime="20221011 14:19:26.003"/>
</kw>
<kw name="Maximize Browser Window" library="SeleniumLibrary">
<doc>Maximizes current browser window.</doc>
<status status="PASS" starttime="20221011 14:19:26.003" endtime="20221011 14:19:26.135"/>
</kw>
<status status="PASS" starttime="20221011 14:19:23.953" endtime="20221011 14:19:26.135"/>
</kw>
<kw name="Input Data Standar User Login" library="Demoblaze_keywords_Login">
<kw name="Input Text" library="SeleniumLibrary">
<arg>${UserName}</arg>
<arg>standard_user</arg>
<doc>Types the given ``text`` into the text field identified by ``locator``.</doc>
<msg timestamp="20221011 14:19:26.136" level="INFO">Typing text 'standard_user' into text field '//*[@id="user-name"]'.</msg>
<status status="PASS" starttime="20221011 14:19:26.136" endtime="20221011 14:19:26.229"/>
</kw>
<kw name="Input Text" library="SeleniumLibrary">
<arg>${Password}</arg>
<arg>secret_sauce</arg>
<doc>Types the given ``text`` into the text field identified by ``locator``.</doc>
<msg timestamp="20221011 14:19:26.229" level="INFO">Typing text 'secret_sauce' into text field '//*[@id="password"]'.</msg>
<status status="PASS" starttime="20221011 14:19:26.229" endtime="20221011 14:19:26.311"/>
</kw>
<status status="PASS" starttime="20221011 14:19:26.135" endtime="20221011 14:19:26.311"/>
</kw>
<kw name="Click Login Button" library="Demoblaze_keywords_Login">
<kw name="Click Element" library="SeleniumLibrary">
<arg>${TombolLoginHomePage}</arg>
<doc>Click the element identified by ``locator``.</doc>
<msg timestamp="20221011 14:19:26.313" level="INFO">Clicking element '//*[@id="login-button"]'.</msg>
<status status="PASS" starttime="20221011 14:19:26.312" endtime="20221011 14:19:26.377"/>
</kw>
<status status="PASS" starttime="20221011 14:19:26.312" endtime="20221011 14:19:26.377"/>
</kw>
<kw name="Close Google Chrome Browser" library="Demoblaze_keywords_Login" type="TEARDOWN">
<kw name="Close Browser" library="SeleniumLibrary">
<doc>Closes the current browser.</doc>
<status status="PASS" starttime="20221011 14:19:26.378" endtime="20221011 14:19:28.476"/>
</kw>
<status status="PASS" starttime="20221011 14:19:26.377" endtime="20221011 14:19:28.476"/>
</kw>
<status status="PASS" starttime="20221011 14:19:23.953" endtime="20221011 14:19:28.477"/>
</test>
<test id="s1-t2" name="Locked Out User Login">
<kw name="Open Browser With Google Chrome" library="Demoblaze_keywords_Login" type="SETUP">
<kw name="Open Browser" library="SeleniumLibrary">
<arg>url=${DEMOBLAZE_URL}</arg>
<arg>browser=${BROWSER}</arg>
<doc>Opens a new browser instance to the optional ``url``.</doc>
<msg timestamp="20221011 14:19:28.479" level="INFO">Opening browser 'gc' to base url 'https://www.saucedemo.com/'.</msg>
<status status="PASS" starttime="20221011 14:19:28.478" endtime="20221011 14:19:29.861"/>
</kw>
<kw name="Maximize Browser Window" library="SeleniumLibrary">
<doc>Maximizes current browser window.</doc>
<status status="PASS" starttime="20221011 14:19:29.861" endtime="20221011 14:19:29.992"/>
</kw>
<status status="PASS" starttime="20221011 14:19:28.478" endtime="20221011 14:19:29.992"/>
</kw>
<kw name="Input Data locked Out User Login" library="Demoblaze_keywords_Login">
<kw name="Input Text" library="SeleniumLibrary">
<arg>${UserName}</arg>
<arg>locked_out_user</arg>
<doc>Types the given ``text`` into the text field identified by ``locator``.</doc>
<msg timestamp="20221011 14:19:29.993" level="INFO">Typing text 'locked_out_user' into text field '//*[@id="user-name"]'.</msg>
<status status="PASS" starttime="20221011 14:19:29.993" endtime="20221011 14:19:30.082"/>
</kw>
<kw name="Input Text" library="SeleniumLibrary">
<arg>${Password}</arg>
<arg>secret_sauce</arg>
<doc>Types the given ``text`` into the text field identified by ``locator``.</doc>
<msg timestamp="20221011 14:19:30.083" level="INFO">Typing text 'secret_sauce' into text field '//*[@id="password"]'.</msg>
<status status="PASS" starttime="20221011 14:19:30.082" endtime="20221011 14:19:30.143"/>
</kw>
<status status="PASS" starttime="20221011 14:19:29.992" endtime="20221011 14:19:30.143"/>
</kw>
<kw name="Click Login Button" library="Demoblaze_keywords_Login">
<kw name="Click Element" library="SeleniumLibrary">
<arg>${TombolLoginHomePage}</arg>
<doc>Click the element identified by ``locator``.</doc>
<msg timestamp="20221011 14:19:30.145" level="INFO">Clicking element '//*[@id="login-button"]'.</msg>
<status status="PASS" starttime="20221011 14:19:30.144" endtime="20221011 14:19:30.189"/>
</kw>
<status status="PASS" starttime="20221011 14:19:30.144" endtime="20221011 14:19:30.189"/>
</kw>
<kw name="Close Google Chrome Browser" library="Demoblaze_keywords_Login" type="TEARDOWN">
<kw name="Close Browser" library="SeleniumLibrary">
<doc>Closes the current browser.</doc>
<status status="PASS" starttime="20221011 14:19:30.190" endtime="20221011 14:19:32.288"/>
</kw>
<status status="PASS" starttime="20221011 14:19:30.189" endtime="20221011 14:19:32.288"/>
</kw>
<status status="PASS" starttime="20221011 14:19:28.478" endtime="20221011 14:19:32.289"/>
</test>
<test id="s1-t3" name="Problem User Login">
<kw name="Open Browser With Google Chrome" library="Demoblaze_keywords_Login" type="SETUP">
<kw name="Open Browser" library="SeleniumLibrary">
<arg>url=${DEMOBLAZE_URL}</arg>
<arg>browser=${BROWSER}</arg>
<doc>Opens a new browser instance to the optional ``url``.</doc>
<msg timestamp="20221011 14:19:32.291" level="INFO">Opening browser 'gc' to base url 'https://www.saucedemo.com/'.</msg>
<status status="PASS" starttime="20221011 14:19:32.290" endtime="20221011 14:19:33.894"/>
</kw>
<kw name="Maximize Browser Window" library="SeleniumLibrary">
<doc>Maximizes current browser window.</doc>
<status status="PASS" starttime="20221011 14:19:33.894" endtime="20221011 14:19:34.020"/>
</kw>
<status status="PASS" starttime="20221011 14:19:32.290" endtime="20221011 14:19:34.020"/>
</kw>
<kw name="Input Data Problem User Login" library="Demoblaze_keywords_Login">
<kw name="Input Text" library="SeleniumLibrary">
<arg>${UserName}</arg>
<arg>problem_user</arg>
<doc>Types the given ``text`` into the text field identified by ``locator``.</doc>
<msg timestamp="20221011 14:19:34.021" level="INFO">Typing text 'problem_user' into text field '//*[@id="user-name"]'.</msg>
<status status="PASS" starttime="20221011 14:19:34.021" endtime="20221011 14:19:34.111"/>
</kw>
<kw name="Input Text" library="SeleniumLibrary">
<arg>${Password}</arg>
<arg>secret_sauce</arg>
<doc>Types the given ``text`` into the text field identified by ``locator``.</doc>
<msg timestamp="20221011 14:19:34.111" level="INFO">Typing text 'secret_sauce' into text field '//*[@id="password"]'.</msg>
<status status="PASS" starttime="20221011 14:19:34.111" endtime="20221011 14:19:34.192"/>
</kw>
<status status="PASS" starttime="20221011 14:19:34.020" endtime="20221011 14:19:34.192"/>
</kw>
<kw name="Click Login Button" library="Demoblaze_keywords_Login">
<kw name="Click Element" library="SeleniumLibrary">
<arg>${TombolLoginHomePage}</arg>
<doc>Click the element identified by ``locator``.</doc>
<msg timestamp="20221011 14:19:34.193" level="INFO">Clicking element '//*[@id="login-button"]'.</msg>
<status status="PASS" starttime="20221011 14:19:34.193" endtime="20221011 14:19:34.286"/>
</kw>
<status status="PASS" starttime="20221011 14:19:34.193" endtime="20221011 14:19:34.286"/>
</kw>
<kw name="Close Google Chrome Browser" library="Demoblaze_keywords_Login" type="TEARDOWN">
<kw name="Close Browser" library="SeleniumLibrary">
<doc>Closes the current browser.</doc>
<status status="PASS" starttime="20221011 14:19:34.287" endtime="20221011 14:19:36.419"/>
</kw>
<status status="PASS" starttime="20221011 14:19:34.287" endtime="20221011 14:19:36.419"/>
</kw>
<status status="PASS" starttime="20221011 14:19:32.289" endtime="20221011 14:19:36.420"/>
</test>
<test id="s1-t4" name="Performance Glitch User Login">
<kw name="Open Browser With Google Chrome" library="Demoblaze_keywords_Login" type="SETUP">
<kw name="Open Browser" library="SeleniumLibrary">
<arg>url=${DEMOBLAZE_URL}</arg>
<arg>browser=${BROWSER}</arg>
<doc>Opens a new browser instance to the optional ``url``.</doc>
<msg timestamp="20221011 14:19:36.421" level="INFO">Opening browser 'gc' to base url 'https://www.saucedemo.com/'.</msg>
<status status="PASS" starttime="20221011 14:19:36.421" endtime="20221011 14:19:37.805"/>
</kw>
<kw name="Maximize Browser Window" library="SeleniumLibrary">
<doc>Maximizes current browser window.</doc>
<status status="PASS" starttime="20221011 14:19:37.805" endtime="20221011 14:19:37.928"/>
</kw>
<status status="PASS" starttime="20221011 14:19:36.421" endtime="20221011 14:19:37.928"/>
</kw>
<kw name="Input Data Performance Glitch User Login" library="Demoblaze_keywords_Login">
<kw name="Input Text" library="SeleniumLibrary">
<arg>${UserName}</arg>
<arg>performance_glitch_user</arg>
<doc>Types the given ``text`` into the text field identified by ``locator``.</doc>
<msg timestamp="20221011 14:19:37.929" level="INFO">Typing text 'performance_glitch_user' into text field '//*[@id="user-name"]'.</msg>
<status status="PASS" starttime="20221011 14:19:37.929" endtime="20221011 14:19:38.025"/>
</kw>
<kw name="Input Text" library="SeleniumLibrary">
<arg>${Password}</arg>
<arg>secret_sauce</arg>
<doc>Types the given ``text`` into the text field identified by ``locator``.</doc>
<msg timestamp="20221011 14:19:38.026" level="INFO">Typing text 'secret_sauce' into text field '//*[@id="password"]'.</msg>
<status status="PASS" starttime="20221011 14:19:38.025" endtime="20221011 14:19:38.093"/>
</kw>
<status status="PASS" starttime="20221011 14:19:37.929" endtime="20221011 14:19:38.093"/>
</kw>
<kw name="Click Login Button" library="Demoblaze_keywords_Login">
<kw name="Click Element" library="SeleniumLibrary">
<arg>${TombolLoginHomePage}</arg>
<doc>Click the element identified by ``locator``.</doc>
<msg timestamp="20221011 14:19:38.095" level="INFO">Clicking element '//*[@id="login-button"]'.</msg>
<status status="PASS" starttime="20221011 14:19:38.094" endtime="20221011 14:19:43.167"/>
</kw>
<status status="PASS" starttime="20221011 14:19:38.093" endtime="20221011 14:19:43.167"/>
</kw>
<kw name="Close Google Chrome Browser" library="Demoblaze_keywords_Login" type="TEARDOWN">
<kw name="Close Browser" library="SeleniumLibrary">
<doc>Closes the current browser.</doc>
<status status="PASS" starttime="20221011 14:19:43.168" endtime="20221011 14:19:45.265"/>
</kw>
<status status="PASS" starttime="20221011 14:19:43.168" endtime="20221011 14:19:45.265"/>
</kw>
<status status="PASS" starttime="20221011 14:19:36.420" endtime="20221011 14:19:45.266"/>
</test>
<test id="s1-t5" name="Negative Wrong Username">
<kw name="Open Browser With Google Chrome" library="Demoblaze_keywords_Login" type="SETUP">
<kw name="Open Browser" library="SeleniumLibrary">
<arg>url=${DEMOBLAZE_URL}</arg>
<arg>browser=${BROWSER}</arg>
<doc>Opens a new browser instance to the optional ``url``.</doc>
<msg timestamp="20221011 14:19:45.268" level="INFO">Opening browser 'gc' to base url 'https://www.saucedemo.com/'.</msg>
<status status="PASS" starttime="20221011 14:19:45.267" endtime="20221011 14:19:46.785"/>
</kw>
<kw name="Maximize Browser Window" library="SeleniumLibrary">
<doc>Maximizes current browser window.</doc>
<status status="PASS" starttime="20221011 14:19:46.785" endtime="20221011 14:19:46.916"/>
</kw>
<status status="PASS" starttime="20221011 14:19:45.267" endtime="20221011 14:19:46.916"/>
</kw>
<kw name="Input Wrong Username Login" library="Demoblaze_keywords_Login">
<kw name="Input Text" library="SeleniumLibrary">
<arg>${UserName}</arg>
<arg>standard_use</arg>
<doc>Types the given ``text`` into the text field identified by ``locator``.</doc>
<msg timestamp="20221011 14:19:46.917" level="INFO">Typing text 'standard_use' into text field '//*[@id="user-name"]'.</msg>
<status status="PASS" starttime="20221011 14:19:46.917" endtime="20221011 14:19:47.016"/>
</kw>
<kw name="Input Text" library="SeleniumLibrary">
<arg>${Password}</arg>
<arg>secret_sauce</arg>
<doc>Types the given ``text`` into the text field identified by ``locator``.</doc>
<msg timestamp="20221011 14:19:47.016" level="INFO">Typing text 'secret_sauce' into text field '//*[@id="password"]'.</msg>
<status status="PASS" starttime="20221011 14:19:47.016" endtime="20221011 14:19:47.077"/>
</kw>
<status status="PASS" starttime="20221011 14:19:46.917" endtime="20221011 14:19:47.077"/>
</kw>
<kw name="Click Login Button" library="Demoblaze_keywords_Login">
<kw name="Click Element" library="SeleniumLibrary">
<arg>${TombolLoginHomePage}</arg>
<doc>Click the element identified by ``locator``.</doc>
<msg timestamp="20221011 14:19:47.078" level="INFO">Clicking element '//*[@id="login-button"]'.</msg>
<status status="PASS" starttime="20221011 14:19:47.078" endtime="20221011 14:19:47.119"/>
</kw>
<status status="PASS" starttime="20221011 14:19:47.077" endtime="20221011 14:19:47.120"/>
</kw>
<kw name="Close Google Chrome Browser" library="Demoblaze_keywords_Login" type="TEARDOWN">
<kw name="Close Browser" library="SeleniumLibrary">
<doc>Closes the current browser.</doc>
<status status="PASS" starttime="20221011 14:19:47.120" endtime="20221011 14:19:49.203"/>
</kw>
<status status="PASS" starttime="20221011 14:19:47.120" endtime="20221011 14:19:49.203"/>
</kw>
<status status="PASS" starttime="20221011 14:19:45.266" endtime="20221011 14:19:49.204"/>
</test>
<test id="s1-t6" name="Negative Wrong Password">
<kw name="Open Browser With Google Chrome" library="Demoblaze_keywords_Login" type="SETUP">
<kw name="Open Browser" library="SeleniumLibrary">
<arg>url=${DEMOBLAZE_URL}</arg>
<arg>browser=${BROWSER}</arg>
<doc>Opens a new browser instance to the optional ``url``.</doc>
<msg timestamp="20221011 14:19:49.205" level="INFO">Opening browser 'gc' to base url 'https://www.saucedemo.com/'.</msg>
<status status="PASS" starttime="20221011 14:19:49.205" endtime="20221011 14:19:50.724"/>
</kw>
<kw name="Maximize Browser Window" library="SeleniumLibrary">
<doc>Maximizes current browser window.</doc>
<status status="PASS" starttime="20221011 14:19:50.725" endtime="20221011 14:19:50.851"/>
</kw>
<status status="PASS" starttime="20221011 14:19:49.205" endtime="20221011 14:19:50.851"/>
</kw>
<kw name="Input Wrong Password Login" library="Demoblaze_keywords_Login">
<kw name="Input Text" library="SeleniumLibrary">
<arg>${UserName}</arg>
<arg>standard_user</arg>
<doc>Types the given ``text`` into the text field identified by ``locator``.</doc>
<msg timestamp="20221011 14:19:50.853" level="INFO">Typing text 'standard_user' into text field '//*[@id="user-name"]'.</msg>
<status status="PASS" starttime="20221011 14:19:50.852" endtime="20221011 14:19:50.939"/>
</kw>
<kw name="Input Text" library="SeleniumLibrary">
<arg>${Password}</arg>
<arg>secret_sauc</arg>
<doc>Types the given ``text`` into the text field identified by ``locator``.</doc>
<msg timestamp="20221011 14:19:50.940" level="INFO">Typing text 'secret_sauc' into text field '//*[@id="password"]'.</msg>
<status status="PASS" starttime="20221011 14:19:50.940" endtime="20221011 14:19:50.999"/>
</kw>
<status status="PASS" starttime="20221011 14:19:50.852" endtime="20221011 14:19:50.999"/>
</kw>
<kw name="Click Login Button" library="Demoblaze_keywords_Login">
<kw name="Click Element" library="SeleniumLibrary">
<arg>${TombolLoginHomePage}</arg>
<doc>Click the element identified by ``locator``.</doc>
<msg timestamp="20221011 14:19:51.001" level="INFO">Clicking element '//*[@id="login-button"]'.</msg>
<status status="PASS" starttime="20221011 14:19:51.001" endtime="20221011 14:19:51.040"/>
</kw>
<status status="PASS" starttime="20221011 14:19:51.000" endtime="20221011 14:19:51.041"/>
</kw>
<kw name="Close Google Chrome Browser" library="Demoblaze_keywords_Login" type="TEARDOWN">
<kw name="Close Browser" library="SeleniumLibrary">
<doc>Closes the current browser.</doc>
<status status="PASS" starttime="20221011 14:19:51.041" endtime="20221011 14:19:53.151"/>
</kw>
<status status="PASS" starttime="20221011 14:19:51.041" endtime="20221011 14:19:53.151"/>
</kw>
<status status="PASS" starttime="20221011 14:19:49.204" endtime="20221011 14:19:53.152"/>
</test>
<status status="PASS" starttime="20221011 14:19:23.766" endtime="20221011 14:19:53.153"/>
</suite>
<statistics>
<total>
<stat pass="6" fail="0" skip="0">All Tests</stat>
</total>
<tag>
</tag>
<suite>
<stat pass="6" fail="0" skip="0" id="s1" name="Login">Login</stat>
</suite>
</statistics>
<errors>
</errors>
</robot>
